[INFO] Scanning for projects...
[INFO] 
[INFO] --------------------< com.hms:employee-management >---------------------
[INFO] Building employee-management 0.0.1-SNAPSHOT
[INFO] --------------------------------[ jar ]---------------------------------
[INFO] 
[INFO] >>> spring-boot-maven-plugin:2.3.1.RELEASE:run (default-cli) > test-compile @ employee-management >>>
[INFO] 
[INFO] --- maven-resources-plugin:3.1.0:resources (default-resources) @ employee-management ---
[INFO] Using 'UTF-8' encoding to copy filtered resources.
[INFO] Copying 1 resource
[INFO] Copying 1 resource
[INFO] 
[INFO] --- maven-compiler-plugin:3.8.1:compile (default-compile) @ employee-management ---
[INFO] Changes detected - recompiling the module!
[INFO] Compiling 10 source files to /home/sandamini/Documents/ijprojects/employee-management/target/classes
[INFO] 
[INFO] --- maven-resources-plugin:3.1.0:testResources (default-testResources) @ employee-management ---
[INFO] Using 'UTF-8' encoding to copy filtered resources.
[INFO] skip non existing resourceDirectory /home/sandamini/Documents/ijprojects/employee-management/src/test/resources
[INFO] 
[INFO] --- maven-compiler-plugin:3.8.1:testCompile (default-testCompile) @ employee-management ---
[INFO] Changes detected - recompiling the module!
[INFO] Compiling 1 source file to /home/sandamini/Documents/ijprojects/employee-management/target/test-classes
[INFO] 
[INFO] <<< spring-boot-maven-plugin:2.3.1.RELEASE:run (default-cli) < test-compile @ employee-management <<<
[INFO] 
[INFO] 
[INFO] --- spring-boot-maven-plugin:2.3.1.RELEASE:run (default-cli) @ employee-management ---
[INFO] Attaching agents: []
18:36:17,286 |-INFO in ch.qos.logback.classic.LoggerContext[default] - Could NOT find resource [logback-test.xml]
18:36:17,287 |-INFO in ch.qos.logback.classic.LoggerContext[default] - Could NOT find resource [logback.groovy]
18:36:17,288 |-INFO in ch.qos.logback.classic.LoggerContext[default] - Found resource [logback.xml] at [file:/home/sandamini/Documents/ijprojects/employee-management/target/classes/logback.xml]
18:36:17,418 |-INFO in ch.qos.logback.classic.joran.action.ConfigurationAction - debug attribute not set
18:36:17,424 |-INFO in ch.qos.logback.core.joran.action.AppenderAction - About to instantiate appender of type [ch.qos.logback.core.rolling.RollingFileAppender]
18:36:17,430 |-INFO in ch.qos.logback.core.joran.action.AppenderAction - Naming appender as [FILE-ERROR]
18:36:17,512 |-INFO in c.q.l.core.rolling.TimeBasedRollingPolicy@572868060 - No compression will be used
18:36:17,513 |-INFO in c.q.l.core.rolling.TimeBasedRollingPolicy@572868060 - Will use the pattern /hms/logs/employee-management/archived/error.%d{yyyy-MM-dd}.%i.log for the active file
18:36:17,517 |-INFO in ch.qos.logback.core.rolling.SizeAndTimeBasedFNATP@5c5eefef - The date pattern is 'yyyy-MM-dd' from file name pattern '/hms/logs/employee-management/archived/error.%d{yyyy-MM-dd}.%i.log'.
18:36:17,517 |-INFO in ch.qos.logback.core.rolling.SizeAndTimeBasedFNATP@5c5eefef - Roll-over at midnight.
18:36:17,526 |-INFO in ch.qos.logback.core.rolling.SizeAndTimeBasedFNATP@5c5eefef - Setting initial period to Thu Jul 23 18:32:54 IST 2020
18:36:17,526 |-WARN in ch.qos.logback.core.rolling.SizeAndTimeBasedFNATP@5c5eefef - SizeAndTimeBasedFNATP is deprecated. Use SizeAndTimeBasedRollingPolicy instead
18:36:17,526 |-WARN in ch.qos.logback.core.rolling.SizeAndTimeBasedFNATP@5c5eefef - For more information see http://logback.qos.ch/manual/appenders.html#SizeAndTimeBasedRollingPolicy
18:36:17,530 |-INFO in ch.qos.logback.core.rolling.RollingFileAppender[FILE-ERROR] - Active log file name: /hms/logs/employee-management/emp-management-error.log
18:36:17,530 |-INFO in ch.qos.logback.core.rolling.RollingFileAppender[FILE-ERROR] - File property is set to [/hms/logs/employee-management/emp-management-error.log]
18:36:17,532 |-INFO in ch.qos.logback.core.joran.action.AppenderAction - About to instantiate appender of type [ch.qos.logback.core.rolling.RollingFileAppender]
18:36:17,532 |-INFO in ch.qos.logback.core.joran.action.AppenderAction - Naming appender as [FILE-DEBUG]
18:36:17,533 |-INFO in c.q.l.core.rolling.TimeBasedRollingPolicy@371800738 - No compression will be used
18:36:17,533 |-INFO in c.q.l.core.rolling.TimeBasedRollingPolicy@371800738 - Will use the pattern /hms/logs/employee-management/archived/debug.%d{yyyy-MM-dd}.%i.log for the active file
18:36:17,534 |-INFO in ch.qos.logback.core.rolling.SizeAndTimeBasedFNATP@5158b42f - The date pattern is 'yyyy-MM-dd' from file name pattern '/hms/logs/employee-management/archived/debug.%d{yyyy-MM-dd}.%i.log'.
18:36:17,534 |-INFO in ch.qos.logback.core.rolling.SizeAndTimeBasedFNATP@5158b42f - Roll-over at midnight.
18:36:17,534 |-INFO in ch.qos.logback.core.rolling.SizeAndTimeBasedFNATP@5158b42f - Setting initial period to Thu Jul 23 18:32:54 IST 2020
18:36:17,534 |-WARN in ch.qos.logback.core.rolling.SizeAndTimeBasedFNATP@5158b42f - SizeAndTimeBasedFNATP is deprecated. Use SizeAndTimeBasedRollingPolicy instead
18:36:17,534 |-WARN in ch.qos.logback.core.rolling.SizeAndTimeBasedFNATP@5158b42f - For more information see http://logback.qos.ch/manual/appenders.html#SizeAndTimeBasedRollingPolicy
18:36:17,535 |-INFO in ch.qos.logback.core.rolling.RollingFileAppender[FILE-DEBUG] - Active log file name: /hms/logs/employee-management/emp-management-debug.log
18:36:17,535 |-INFO in ch.qos.logback.core.rolling.RollingFileAppender[FILE-DEBUG] - File property is set to [/hms/logs/employee-management/emp-management-debug.log]
18:36:17,535 |-INFO in ch.qos.logback.core.joran.action.AppenderAction - About to instantiate appender of type [ch.qos.logback.core.rolling.RollingFileAppender]
18:36:17,535 |-INFO in ch.qos.logback.core.joran.action.AppenderAction - Naming appender as [FILE-INFO]
18:36:17,536 |-INFO in c.q.l.core.rolling.TimeBasedRollingPolicy@1499136125 - No compression will be used
18:36:17,536 |-INFO in c.q.l.core.rolling.TimeBasedRollingPolicy@1499136125 - Will use the pattern /hms/logs/employee-management/archived/info.%d{yyyy-MM-dd}.%i.log for the active file
18:36:17,537 |-INFO in ch.qos.logback.core.rolling.SizeAndTimeBasedFNATP@72d1ad2e - The date pattern is 'yyyy-MM-dd' from file name pattern '/hms/logs/employee-management/archived/info.%d{yyyy-MM-dd}.%i.log'.
18:36:17,537 |-INFO in ch.qos.logback.core.rolling.SizeAndTimeBasedFNATP@72d1ad2e - Roll-over at midnight.
18:36:17,537 |-INFO in ch.qos.logback.core.rolling.SizeAndTimeBasedFNATP@72d1ad2e - Setting initial period to Thu Jul 23 18:32:54 IST 2020
18:36:17,537 |-WARN in ch.qos.logback.core.rolling.SizeAndTimeBasedFNATP@72d1ad2e - SizeAndTimeBasedFNATP is deprecated. Use SizeAndTimeBasedRollingPolicy instead
18:36:17,537 |-WARN in ch.qos.logback.core.rolling.SizeAndTimeBasedFNATP@72d1ad2e - For more information see http://logback.qos.ch/manual/appenders.html#SizeAndTimeBasedRollingPolicy
18:36:17,538 |-INFO in ch.qos.logback.core.rolling.RollingFileAppender[FILE-INFO] - Active log file name: /hms/logs/employee-management/emp-management-info.log
18:36:17,538 |-INFO in ch.qos.logback.core.rolling.RollingFileAppender[FILE-INFO] - File property is set to [/hms/logs/employee-management/emp-management-info.log]
18:36:17,538 |-INFO in ch.qos.logback.core.joran.action.AppenderAction - About to instantiate appender of type [ch.qos.logback.core.rolling.RollingFileAppender]
18:36:17,538 |-INFO in ch.qos.logback.core.joran.action.AppenderAction - Naming appender as [FILE-TRACE]
18:36:17,539 |-INFO in c.q.l.core.rolling.TimeBasedRollingPolicy@762476028 - No compression will be used
18:36:17,539 |-INFO in c.q.l.core.rolling.TimeBasedRollingPolicy@762476028 - Will use the pattern /hms/logs/employee-management/archived/trace.%d{yyyy-MM-dd}.%i.log for the active file
18:36:17,540 |-INFO in ch.qos.logback.core.rolling.SizeAndTimeBasedFNATP@399f45b1 - The date pattern is 'yyyy-MM-dd' from file name pattern '/hms/logs/employee-management/archived/trace.%d{yyyy-MM-dd}.%i.log'.
18:36:17,540 |-INFO in ch.qos.logback.core.rolling.SizeAndTimeBasedFNATP@399f45b1 - Roll-over at midnight.
18:36:17,540 |-INFO in ch.qos.logback.core.rolling.SizeAndTimeBasedFNATP@399f45b1 - Setting initial period to Thu Jul 23 18:32:54 IST 2020
18:36:17,540 |-WARN in ch.qos.logback.core.rolling.SizeAndTimeBasedFNATP@399f45b1 - SizeAndTimeBasedFNATP is deprecated. Use SizeAndTimeBasedRollingPolicy instead
18:36:17,540 |-WARN in ch.qos.logback.core.rolling.SizeAndTimeBasedFNATP@399f45b1 - For more information see http://logback.qos.ch/manual/appenders.html#SizeAndTimeBasedRollingPolicy
18:36:17,541 |-INFO in ch.qos.logback.core.rolling.RollingFileAppender[FILE-TRACE] - Active log file name: /hms/logs/employee-management/emp-management-trace.log
18:36:17,541 |-INFO in ch.qos.logback.core.rolling.RollingFileAppender[FILE-TRACE] - File property is set to [/hms/logs/employee-management/emp-management-trace.log]
18:36:17,541 |-INFO in ch.qos.logback.core.joran.action.AppenderAction - About to instantiate appender of type [ch.qos.logback.core.ConsoleAppender]
18:36:17,542 |-INFO in ch.qos.logback.core.joran.action.AppenderAction - Naming appender as [STDOUT]
18:36:17,542 |-INFO in ch.qos.logback.core.joran.action.NestedComplexPropertyIA - Assuming default type [ch.qos.logback.classic.encoder.PatternLayoutEncoder] for [encoder] property
18:36:17,544 |-INFO in ch.qos.logback.classic.joran.action.LoggerAction - Setting level of logger [com.hms.employeemanagement] to ERROR
18:36:17,544 |-INFO in ch.qos.logback.classic.joran.action.LoggerAction - Setting additivity of logger [com.hms.employeemanagement] to false
18:36:17,544 |-INFO in ch.qos.logback.core.joran.action.AppenderRefAction - Attaching appender named [FILE-ERROR] to Logger[com.hms.employeemanagement]
18:36:17,544 |-INFO in ch.qos.logback.core.joran.action.AppenderRefAction - Attaching appender named [STDOUT] to Logger[com.hms.employeemanagement]
18:36:17,544 |-INFO in ch.qos.logback.classic.joran.action.LoggerAction - Setting level of logger [com.hms.employeemanagement] to DEBUG
18:36:17,544 |-INFO in ch.qos.logback.classic.joran.action.LoggerAction - Setting additivity of logger [com.hms.employeemanagement] to false
18:36:17,544 |-INFO in ch.qos.logback.core.joran.action.AppenderRefAction - Attaching appender named [FILE-DEBUG] to Logger[com.hms.employeemanagement]
18:36:17,545 |-INFO in ch.qos.logback.core.joran.action.AppenderRefAction - Attaching appender named [STDOUT] to Logger[com.hms.employeemanagement]
18:36:17,545 |-INFO in ch.qos.logback.classic.joran.action.LoggerAction - Setting level of logger [com.hms.employeemanagement] to INFO
18:36:17,545 |-INFO in ch.qos.logback.classic.joran.action.LoggerAction - Setting additivity of logger [com.hms.employeemanagement] to false
18:36:17,545 |-INFO in ch.qos.logback.core.joran.action.AppenderRefAction - Attaching appender named [FILE-INFO] to Logger[com.hms.employeemanagement]
18:36:17,545 |-INFO in ch.qos.logback.core.joran.action.AppenderRefAction - Attaching appender named [STDOUT] to Logger[com.hms.employeemanagement]
18:36:17,545 |-INFO in ch.qos.logback.classic.joran.action.LoggerAction - Setting level of logger [com.hms.employeemanagement] to TRACE
18:36:17,545 |-INFO in ch.qos.logback.classic.joran.action.LoggerAction - Setting additivity of logger [com.hms.employeemanagement] to false
18:36:17,545 |-INFO in ch.qos.logback.core.joran.action.AppenderRefAction - Attaching appender named [FILE-TRACE] to Logger[com.hms.employeemanagement]
18:36:17,545 |-INFO in ch.qos.logback.core.joran.action.AppenderRefAction - Attaching appender named [STDOUT] to Logger[com.hms.employeemanagement]
18:36:17,545 |-INFO in ch.qos.logback.classic.joran.action.LoggerAction - Setting level of logger [org.springframework] to ERROR
18:36:17,545 |-INFO in ch.qos.logback.classic.joran.action.RootLoggerAction - Setting level of ROOT logger to ERROR
18:36:17,545 |-INFO in ch.qos.logback.core.joran.action.AppenderRefAction - Attaching appender named [STDOUT] to Logger[ROOT]
18:36:17,545 |-INFO in ch.qos.logback.classic.joran.action.ConfigurationAction - End of configuration.
18:36:17,545 |-INFO in ch.qos.logback.classic.joran.JoranConfigurator@38c6f217 - Registering current configuration as safe fallback point


  .   ____          _            __ _ _
 /\\ / ___'_ __ _ _(_)_ __  __ _ \ \ \ \
( ( )\___ | '_ | '_| | '_ \/ _` | \ \ \ \
 \\/  ___)| |_)| | | | | || (_| |  ) ) ) )
  '  |____| .__|_| |_|_| |_\__, | / / / /
 =========|_|==============|___/=/_/_/_/
 :: Spring Boot ::        (v2.3.1.RELEASE)

23-07-2020 18:36:17.991 [35m[main][0;39m [34mINFO [0;39m c.h.e.EmployeeManagementApplication.logStarting - Starting EmployeeManagementApplication on sandamini-lap with PID 22418 (/home/sandamini/Documents/ijprojects/employee-management/target/classes started by sandamini in /home/sandamini/Documents/ijprojects/employee-management)
23-07-2020 18:36:17.993 [35m[main][0;39m [39mDEBUG[0;39m c.h.e.EmployeeManagementApplication.logStarting - Running with Spring Boot v2.3.1.RELEASE, Spring v5.2.7.RELEASE
23-07-2020 18:36:17.994 [35m[main][0;39m [34mINFO [0;39m c.h.e.EmployeeManagementApplication.logStartupProfileInfo - No active profile set, falling back to default profiles: default
23-07-2020 18:36:21.183 [35m[main][0;39m [34mINFO [0;39m c.h.e.EmployeeManagementApplication.logStarted - Started EmployeeManagementApplication in 3.58 seconds (JVM running for 4.229)
23-07-2020 18:36:21.185 [35m[main][0;39m [39mTRACE[0;39m c.h.e.service.EmployeeService.doStuff - doStuff needed more information - my first warn
23-07-2020 18:36:21.186 [35m[main][0;39m [39mDEBUG[0;39m c.h.e.service.EmployeeService.doStuff - doStuff needed to debug - my first warn
23-07-2020 18:36:21.186 [35m[main][0;39m [34mINFO [0;39m c.h.e.service.EmployeeService.doStuff - doStuff took input - my first warn
23-07-2020 18:36:21.186 [35m[main][0;39m [31mWARN [0;39m c.h.e.service.EmployeeService.doStuff - doStuff needed to warn - my first warn
23-07-2020 18:36:21.186 [35m[main][0;39m [1;31mERROR[0;39m c.h.e.service.EmployeeService.doStuff - doStuff encountered an error with value - my first warn
[INFO] ------------------------------------------------------------------------
[INFO] BUILD FAILURE
[INFO] ------------------------------------------------------------------------
[INFO] Total time:  15:40 min
[INFO] Finished at: 2020-07-23T18:51:47+05:30
[INFO] ------------------------------------------------------------------------
[ERROR] Failed to execute goal org.springframework.boot:spring-boot-maven-plugin:2.3.1.RELEASE:run (default-cli) on project employee-management: Application finished with exit code: 137 -> [Help 1]
[ERROR] 
[ERROR] To see the full stack trace of the errors, re-run Maven with the -e switch.
[ERROR] Re-run Maven using the -X switch to enable full debug logging.
[ERROR] 
[ERROR] For more information about the errors and possible solutions, please read the following articles:
[ERROR] [Help 1] http://cwiki.apache.org/confluence/display/MAVEN/MojoExecutionException
